2025-06-23T00:17:51.989+02:00  INFO 14476 --- [payment-service] [main] c.a.p.PaymentServiceApplication          : Starting PaymentServiceApplication using Java 17.0.10 with PID 14476 (C:\Ritesh\assignment\payment-service\target\classes started by nehas in C:\Ritesh\assignment\payment-service)
2025-06-23T00:17:51.989+02:00  INFO 14476 --- [payment-service] [main] c.a.p.PaymentServiceApplication          : No active profile set, falling back to 1 default profile: "default"
2025-06-23T00:17:54.812+02:00  INFO 14476 --- [payment-service] [main] .s.d.r.c.RepositoryConfigurationDelegate : Bootstrapping Spring Data JPA repositories in DEFAULT mode.
2025-06-23T00:17:55.009+02:00  INFO 14476 --- [payment-service] [main] .s.d.r.c.RepositoryConfigurationDelegate : Finished Spring Data repository scanning in 168 ms. Found 2 JPA repository interfaces.
2025-06-23T00:17:56.448+02:00  INFO 14476 --- [payment-service] [main] o.s.b.w.embedded.tomcat.TomcatWebServer  : Tomcat initialized with port 8080 (http)
2025-06-23T00:17:56.489+02:00  INFO 14476 --- [payment-service] [main] o.apache.catalina.core.StandardService   : Starting service [Tomcat]
2025-06-23T00:17:56.489+02:00  INFO 14476 --- [payment-service] [main] o.apache.catalina.core.StandardEngine    : Starting Servlet engine: [Apache Tomcat/10.1.42]
2025-06-23T00:17:56.689+02:00  INFO 14476 --- [payment-service] [main] o.a.c.c.C.[Tomcat].[localhost].[/]       : Initializing Spring embedded WebApplicationContext
2025-06-23T00:17:56.691+02:00  INFO 14476 --- [payment-service] [main] w.s.c.ServletWebServerApplicationContext : Root WebApplicationContext: initialization completed in 4544 ms
2025-06-23T00:17:57.631+02:00  INFO 14476 --- [payment-service] [main] o.hibernate.jpa.internal.util.LogHelper  : HHH000204: Processing PersistenceUnitInfo [name: default]
2025-06-23T00:17:57.838+02:00  INFO 14476 --- [payment-service] [main] org.hibernate.Version                    : HHH000412: Hibernate ORM core version 6.6.18.Final
2025-06-23T00:17:57.961+02:00  INFO 14476 --- [payment-service] [main] o.h.c.internal.RegionFactoryInitiator    : HHH000026: Second-level cache disabled
2025-06-23T00:17:59.022+02:00  INFO 14476 --- [payment-service] [main] o.s.o.j.p.SpringPersistenceUnitInfo      : No LoadTimeWeaver setup: ignoring JPA class transformer
2025-06-23T00:17:59.125+02:00  INFO 14476 --- [payment-service] [main] com.zaxxer.hikari.HikariDataSource       : HikariPool-1 - Starting...
2025-06-23T00:17:59.499+02:00  INFO 14476 --- [payment-service] [main] com.zaxxer.hikari.pool.HikariPool        : HikariPool-1 - Added connection org.postgresql.jdbc.PgConnection@6451a288
2025-06-23T00:17:59.504+02:00  INFO 14476 --- [payment-service] [main] com.zaxxer.hikari.HikariDataSource       : HikariPool-1 - Start completed.
2025-06-23T00:17:59.689+02:00  INFO 14476 --- [payment-service] [main] org.hibernate.orm.connections.pooling    : HHH10001005: Database info:
	Database JDBC URL [Connecting through datasource 'HikariDataSource (HikariPool-1)']
	Database driver: undefined/unknown
	Database version: 16.9
	Autocommit mode: undefined/unknown
	Isolation level: undefined/unknown
	Minimum pool size: undefined/unknown
	Maximum pool size: undefined/unknown
2025-06-23T00:18:01.703+02:00  INFO 14476 --- [payment-service] [main] o.h.e.t.j.p.i.JtaPlatformInitiator       : HHH000489: No JTA platform available (set 'hibernate.transaction.jta.platform' to enable JTA platform integration)
2025-06-23T00:18:01.821+02:00  INFO 14476 --- [payment-service] [main] j.LocalContainerEntityManagerFactoryBean : Initialized JPA EntityManagerFactory for persistence unit 'default'
2025-06-23T00:18:02.508+02:00  INFO 14476 --- [payment-service] [main] o.s.d.j.r.query.QueryEnhancerFactory     : Hibernate is in classpath; If applicable, HQL parser will be used.
2025-06-23T00:18:03.889+02:00  WARN 14476 --- [payment-service] [main] JpaBaseConfiguration$JpaWebConfiguration : spring.jpa.open-in-view is enabled by default. Therefore, database queries may be performed during view rendering. Explicitly configure spring.jpa.open-in-view to disable this warning
2025-06-23T00:18:03.995+02:00  INFO 14476 --- [payment-service] [main] o.s.v.b.OptionalValidatorFactoryBean     : Failed to set up a Bean Validation provider: jakarta.validation.NoProviderFoundException: Unable to create a Configuration, because no Jakarta Bean Validation provider could be found. Add a provider like Hibernate Validator (RI) to your classpath.
2025-06-23T00:18:04.898+02:00  INFO 14476 --- [payment-service] [main] o.s.b.w.embedded.tomcat.TomcatWebServer  : Tomcat started on port 8080 (http) with context path '/'
2025-06-23T00:18:04.921+02:00  INFO 14476 --- [payment-service] [main] c.a.p.PaymentServiceApplication          : Started PaymentServiceApplication in 14.521 seconds (process running for 15.874)
2025-06-23T00:18:56.440+02:00  INFO 14476 --- [payment-service] [http-nio-8080-exec-1] o.a.c.c.C.[Tomcat].[localhost].[/]       : Initializing Spring DispatcherServlet 'dispatcherServlet'
2025-06-23T00:18:56.440+02:00  INFO 14476 --- [payment-service] [http-nio-8080-exec-1] o.s.web.servlet.DispatcherServlet        : Initializing Servlet 'dispatcherServlet'
2025-06-23T00:18:56.440+02:00  INFO 14476 --- [payment-service] [http-nio-8080-exec-1] o.s.web.servlet.DispatcherServlet        : Completed initialization in 0 ms
2025-06-23T00:18:57.737+02:00  INFO 14476 --- [payment-service] [http-nio-8080-exec-3] o.springdoc.api.AbstractOpenApiResource  : Init duration for springdoc-openapi is: 748 ms
2025-06-23T00:19:06.244+02:00  INFO 14476 --- [payment-service] [http-nio-8080-exec-4] c.a.p.controller.BankAccountController   : Received request to retrieve bank account. Account number : 7777
2025-06-23T00:19:18.319+02:00  INFO 14476 --- [payment-service] [http-nio-8080-exec-4] c.a.p.service.BankAccountService         : Getting bank account details. Account number : 7777
2025-06-23T00:19:18.619+02:00 ERROR 14476 --- [payment-service] [http-nio-8080-exec-4] c.a.p.service.BankAccountService         : Account number does not exist. Account number : 7777
2025-06-23T00:27:39.634+02:00  INFO 14476 --- [payment-service] [SpringApplicationShutdownHook] o.s.b.w.e.tomcat.GracefulShutdown        : Commencing graceful shutdown. Waiting for active requests to complete
2025-06-23T00:27:39.892+02:00  INFO 14476 --- [payment-service] [tomcat-shutdown] o.s.b.w.e.tomcat.GracefulShutdown        : Graceful shutdown complete
2025-06-23T00:27:39.945+02:00  INFO 14476 --- [payment-service] [SpringApplicationShutdownHook] j.LocalContainerEntityManagerFactoryBean : Closing JPA EntityManagerFactory for persistence unit 'default'
2025-06-23T00:27:40.015+02:00  INFO 14476 --- [payment-service] [SpringApplicationShutdownHook] com.zaxxer.hikari.HikariDataSource       : HikariPool-1 - Shutdown initiated...
2025-06-23T00:27:40.084+02:00  INFO 14476 --- [payment-service] [SpringApplicationShutdownHook] com.zaxxer.hikari.HikariDataSource       : HikariPool-1 - Shutdown completed.
2025-06-23T02:05:38.209+02:00  INFO 14408 --- [payment-service] [main] c.a.p.PaymentServiceApplication          : Starting PaymentServiceApplication using Java 17.0.10 with PID 14408 (C:\Ritesh\assignment\payment-service\target\classes started by nehas in C:\Ritesh\assignment\payment-service)
2025-06-23T02:05:38.222+02:00  INFO 14408 --- [payment-service] [main] c.a.p.PaymentServiceApplication          : No active profile set, falling back to 1 default profile: "default"
2025-06-23T02:05:41.647+02:00  INFO 14408 --- [payment-service] [main] .s.d.r.c.RepositoryConfigurationDelegate : Bootstrapping Spring Data JPA repositories in DEFAULT mode.
2025-06-23T02:05:41.811+02:00  INFO 14408 --- [payment-service] [main] .s.d.r.c.RepositoryConfigurationDelegate : Finished Spring Data repository scanning in 136 ms. Found 2 JPA repository interfaces.
2025-06-23T02:05:43.157+02:00  INFO 14408 --- [payment-service] [main] o.s.b.w.embedded.tomcat.TomcatWebServer  : Tomcat initialized with port 8080 (http)
2025-06-23T02:05:43.194+02:00  INFO 14408 --- [payment-service] [main] o.apache.catalina.core.StandardService   : Starting service [Tomcat]
2025-06-23T02:05:43.195+02:00  INFO 14408 --- [payment-service] [main] o.apache.catalina.core.StandardEngine    : Starting Servlet engine: [Apache Tomcat/10.1.42]
2025-06-23T02:05:43.335+02:00  INFO 14408 --- [payment-service] [main] o.a.c.c.C.[Tomcat].[localhost].[/]       : Initializing Spring embedded WebApplicationContext
2025-06-23T02:05:43.336+02:00  INFO 14408 --- [payment-service] [main] w.s.c.ServletWebServerApplicationContext : Root WebApplicationContext: initialization completed in 4805 ms
2025-06-23T02:05:43.861+02:00  INFO 14408 --- [payment-service] [main] o.hibernate.jpa.internal.util.LogHelper  : HHH000204: Processing PersistenceUnitInfo [name: default]
2025-06-23T02:05:44.038+02:00  INFO 14408 --- [payment-service] [main] org.hibernate.Version                    : HHH000412: Hibernate ORM core version 6.6.18.Final
2025-06-23T02:05:44.170+02:00  INFO 14408 --- [payment-service] [main] o.h.c.internal.RegionFactoryInitiator    : HHH000026: Second-level cache disabled
2025-06-23T02:05:45.143+02:00  INFO 14408 --- [payment-service] [main] o.s.o.j.p.SpringPersistenceUnitInfo      : No LoadTimeWeaver setup: ignoring JPA class transformer
2025-06-23T02:05:45.248+02:00  INFO 14408 --- [payment-service] [main] com.zaxxer.hikari.HikariDataSource       : HikariPool-1 - Starting...
2025-06-23T02:05:45.581+02:00  INFO 14408 --- [payment-service] [main] com.zaxxer.hikari.pool.HikariPool        : HikariPool-1 - Added connection org.postgresql.jdbc.PgConnection@455f4483
2025-06-23T02:05:45.584+02:00  INFO 14408 --- [payment-service] [main] com.zaxxer.hikari.HikariDataSource       : HikariPool-1 - Start completed.
2025-06-23T02:05:45.810+02:00  INFO 14408 --- [payment-service] [main] org.hibernate.orm.connections.pooling    : HHH10001005: Database info:
	Database JDBC URL [Connecting through datasource 'HikariDataSource (HikariPool-1)']
	Database driver: undefined/unknown
	Database version: 16.9
	Autocommit mode: undefined/unknown
	Isolation level: undefined/unknown
	Minimum pool size: undefined/unknown
	Maximum pool size: undefined/unknown
2025-06-23T02:05:48.627+02:00  INFO 14408 --- [payment-service] [main] o.h.e.t.j.p.i.JtaPlatformInitiator       : HHH000489: No JTA platform available (set 'hibernate.transaction.jta.platform' to enable JTA platform integration)
2025-06-23T02:05:48.765+02:00  INFO 14408 --- [payment-service] [main] j.LocalContainerEntityManagerFactoryBean : Initialized JPA EntityManagerFactory for persistence unit 'default'
2025-06-23T02:05:49.522+02:00  INFO 14408 --- [payment-service] [main] o.s.d.j.r.query.QueryEnhancerFactory     : Hibernate is in classpath; If applicable, HQL parser will be used.
2025-06-23T02:05:52.631+02:00  WARN 14408 --- [payment-service] [main] JpaBaseConfiguration$JpaWebConfiguration : spring.jpa.open-in-view is enabled by default. Therefore, database queries may be performed during view rendering. Explicitly configure spring.jpa.open-in-view to disable this warning
2025-06-23T02:05:52.852+02:00  INFO 14408 --- [payment-service] [main] o.s.v.b.OptionalValidatorFactoryBean     : Failed to set up a Bean Validation provider: jakarta.validation.NoProviderFoundException: Unable to create a Configuration, because no Jakarta Bean Validation provider could be found. Add a provider like Hibernate Validator (RI) to your classpath.
2025-06-23T02:05:53.905+02:00  INFO 14408 --- [payment-service] [main] o.s.b.w.embedded.tomcat.TomcatWebServer  : Tomcat started on port 8080 (http) with context path '/'
2025-06-23T02:05:53.937+02:00  INFO 14408 --- [payment-service] [main] c.a.p.PaymentServiceApplication          : Started PaymentServiceApplication in 17.377 seconds (process running for 18.229)
2025-06-23T02:06:19.808+02:00  INFO 14408 --- [payment-service] [http-nio-8080-exec-6] o.a.c.c.C.[Tomcat].[localhost].[/]       : Initializing Spring DispatcherServlet 'dispatcherServlet'
2025-06-23T02:06:19.809+02:00  INFO 14408 --- [payment-service] [http-nio-8080-exec-6] o.s.web.servlet.DispatcherServlet        : Initializing Servlet 'dispatcherServlet'
2025-06-23T02:06:19.814+02:00  INFO 14408 --- [payment-service] [http-nio-8080-exec-6] o.s.web.servlet.DispatcherServlet        : Completed initialization in 5 ms
2025-06-23T02:06:21.205+02:00  INFO 14408 --- [payment-service] [http-nio-8080-exec-9] o.springdoc.api.AbstractOpenApiResource  : Init duration for springdoc-openapi is: 605 ms
2025-06-23T02:06:57.665+02:00  INFO 14408 --- [payment-service] [http-nio-8080-exec-7] c.a.p.controller.BankAccountController   : Received request to retrieve bank account. Account number : 1111
2025-06-23T02:06:57.665+02:00  INFO 14408 --- [payment-service] [http-nio-8080-exec-7] c.a.p.service.BankAccountService         : Getting bank account details. Account number : 1111
2025-06-23T02:06:57.944+02:00  INFO 14408 --- [payment-service] [http-nio-8080-exec-7] c.a.p.service.BankAccountService         : Account number details retrieved. Account number : 1111
2025-06-23T02:06:57.945+02:00  INFO 14408 --- [payment-service] [http-nio-8080-exec-7] c.a.p.controller.BankAccountController   : Account details retrieved for account number : 1111
2025-06-23T02:15:43.114+02:00  INFO 14408 --- [payment-service] [SpringApplicationShutdownHook] o.s.b.w.e.tomcat.GracefulShutdown        : Commencing graceful shutdown. Waiting for active requests to complete
2025-06-23T02:15:43.200+02:00  INFO 14408 --- [payment-service] [tomcat-shutdown] o.s.b.w.e.tomcat.GracefulShutdown        : Graceful shutdown complete
2025-06-23T02:15:43.207+02:00  INFO 14408 --- [payment-service] [SpringApplicationShutdownHook] j.LocalContainerEntityManagerFactoryBean : Closing JPA EntityManagerFactory for persistence unit 'default'
2025-06-23T02:15:43.224+02:00  INFO 14408 --- [payment-service] [SpringApplicationShutdownHook] com.zaxxer.hikari.HikariDataSource       : HikariPool-1 - Shutdown initiated...
2025-06-23T02:15:43.238+02:00  INFO 14408 --- [payment-service] [SpringApplicationShutdownHook] com.zaxxer.hikari.HikariDataSource       : HikariPool-1 - Shutdown completed.
